<?xml version="1.0" encoding="UTF-8"?>
<testsuite xmlns:xsi="http://www.w3.org/2001/XMLSchema-instance" xsi:noNamespaceSchemaLocation="https://maven.apache.org/surefire/maven-surefire-plugin/xsd/surefire-test-report.xsd" name="com.automationFramework.FileResourceTest" time="0.383" tests="2" errors="0" skipped="0" failures="0">
  <properties>
[...]
</properties>
  <testcase name="testAllFiles" classname="com.automationFramework.FileResourceTest" time="0.083"/>
  <testcase name="testSupportedFiles" classname="com.automationFramework.FileResourceTest" time="0"/>
</testsuite>